[debug] [2019-09-12T17:13:36.116Z] ----------------------------------------------------------------------
[debug] [2019-09-12T17:13:36.118Z] Command:       /usr/bin/node /usr/local/bin/firebase deploy --only hosting:estereal
[debug] [2019-09-12T17:13:36.118Z] CLI Version:   7.3.2
[debug] [2019-09-12T17:13:36.118Z] Platform:      linux
[debug] [2019-09-12T17:13:36.118Z] Node Version:  v8.10.0
[debug] [2019-09-12T17:13:36.118Z] Time:          Thu Sep 12 2019 19:13:36 GMT+0200 (CEST)
[debug] [2019-09-12T17:13:36.118Z] ----------------------------------------------------------------------
[debug] 
[debug] [2019-09-12T17:13:36.123Z] > command requires scopes: ["email","openid","https://www.googleapis.com/auth/cloudplatformprojects.readonly","https://www.googleapis.com/auth/firebase","https://www.googleapis.com/auth/cloud-platform"]
[debug] [2019-09-12T17:13:36.123Z] > authorizing via signed-in user
[debug] [2019-09-12T17:13:36.123Z] [iam] checking project real-infrastructure for permissions ["firebase.projects.get","firebasehosting.sites.update"]
[debug] [2019-09-12T17:13:36.125Z] >>> HTTP REQUEST POST https://cloudresourcemanager.googleapis.com/v1/projects/real-infrastructure:testIamPermissions  

[debug] [2019-09-12T17:13:36.937Z] <<< HTTP RESPONSE 200
[debug] [2019-09-12T17:13:36.944Z] >>> HTTP REQUEST GET https://firebase.googleapis.com/v1beta1/projects/real-infrastructure  
 
[debug] [2019-09-12T17:13:37.546Z] <<< HTTP RESPONSE 200
[info] 
[info] === Deploying to 'real-infrastructure'...
[info] 
[info] i  deploying hosting
[debug] [2019-09-12T17:13:37.557Z] >>> HTTP REQUEST POST https://firebasehosting.googleapis.com/v1beta1/sites/estereal/versions  

[debug] [2019-09-12T17:13:39.348Z] <<< HTTP RESPONSE 200
[info] i  hosting[estereal]: beginning deploy...
[info] i  hosting[estereal]: found 49 files in build
[debug] [2019-09-12T17:13:39.387Z] [hosting] hash cache [YnVpbGQ] load error: lines is not defined
[debug] [2019-09-12T17:13:39.850Z] [hosting] hash cache [YnVpbGQ] stored for 49 files
[debug] [2019-09-12T17:13:39.850Z] [hosting][hash queue][FINAL]
[debug] [2019-09-12T17:13:39.850Z] >>> HTTP REQUEST POST https://firebasehosting.googleapis.com/v1beta1/sites/estereal/versions/e80ab0c96253c3e7:populateFiles  
 <request body omitted>
[debug] [2019-09-12T17:13:41.215Z] <<< HTTP RESPONSE 200
[debug] [2019-09-12T17:13:41.236Z] [hosting][populate queue][FINAL]
[debug] [2019-09-12T17:13:41.236Z] [hosting] uploads queued: 13
